TN:
SF:prisma\prismaClient.ts
FNF:0
FNH:0
DA:1,1
DA:2,1
DA:3,1
LF:3
LH:3
BRF:0
BRH:0
end_of_record
TN:
SF:src\modules\Ingredients\repository.ts
FN:3,IngredientsRepository
FNF:1
FNH:1
FNDA:1,IngredientsRepository
DA:1,1
DA:2,1
DA:3,1
DA:4,1
DA:5,1
DA:6,1
DA:7,1
DA:8,1
DA:9,1
DA:10,1
DA:11,1
DA:12,1
DA:13,1
DA:14,1
DA:15,1
DA:16,1
DA:17,1
DA:18,1
DA:19,1
LF:19
LH:19
BRDA:3,0,0,1
BRF:1
BRH:1
end_of_record
TN:
SF:src\modules\Ingredients\services.ts
FN:4,IngredientsServices
FN:5,IngredientsServices.getAllIngredients
FNF:2
FNH:2
FNDA:1,IngredientsServices
FNDA:1,IngredientsServices.getAllIngredients
DA:1,1
DA:2,1
DA:3,1
DA:4,1
DA:5,1
DA:6,1
DA:7,1
DA:8,1
DA:9,1
DA:10,1
LF:10
LH:10
BRDA:4,0,0,1
BRDA:5,1,0,1
BRDA:5,2,0,1
BRF:3
BRH:3
end_of_record
